<?xml version="1.0" encoding="UTF-8"?>
<testsuite xmlns:xsi="http://www.w3.org/2001/XMLSchema-instance" xsi:noNamespaceSchemaLocation="https://maven.apache.org/surefire/maven-surefire-plugin/xsd/surefire-test-report.xsd" name="programer.zaman.now.maven.AppTest" time="0.091" tests="1" errors="0" skipped="0" failures="0">
  <properties>
    <property name="java.specification.version" value="21"/>
    <property name="sun.cpu.isalist" value="amd64"/>
    <property name="sun.jnu.encoding" value="Cp1252"/>
    <property name="java.class.path" value="C:\programing\java\belajar-apache-maven\belajar-apache-maven-app\target\test-classes;C:\programing\java\belajar-apache-maven\belajar-apache-maven-app\target\classes;C:\Users\agila\.m2\repository\com\google\code\gson\gson\2.10.1\gson-2.10.1.jar;C:\programing\java\belajar-apache-maven\belajar-apache-maven-data\target\belajar-apache-maven-data-1.0-SNAPSHOT.jar;C:\Users\agila\.m2\repository\junit\junit\4.13.1\junit-4.13.1.jar;C:\Users\agila\.m2\repository\org\hamcrest\hamcrest-core\1.3\hamcrest-core-1.3.jar;"/>
    <property name="java.vm.vendor" value="Oracle Corporation"/>
    <property name="sun.arch.data.model" value="64"/>
    <property name="user.variant" value=""/>
    <property name="java.vendor.url" value="https://java.oracle.com/"/>
    <property name="user.timezone" value="Asia/Jakarta"/>
    <property name="os.name" value="Windows 10"/>
    <property name="java.vm.specification.version" value="21"/>
    <property name="sun.java.launcher" value="SUN_STANDARD"/>
    <property name="user.country" value="ID"/>
    <property name="sun.boot.library.path" value="C:\Program Files\Java\jdk-21\bin"/>
    <property name="sun.java.command" value="C:\Users\agila\AppData\Local\Temp\surefire2080631488294299459\surefirebooter10879436472295635386.jar C:\Users\agila\AppData\Local\Temp\surefire2080631488294299459 2023-10-07T23-01-19_933-jvmRun1 surefire9061697133559891182tmp surefire_011669171919823411917tmp"/>
    <property name="jdk.debug" value="release"/>
    <property name="surefire.test.class.path" value="C:\programing\java\belajar-apache-maven\belajar-apache-maven-app\target\test-classes;C:\programing\java\belajar-apache-maven\belajar-apache-maven-app\target\classes;C:\Users\agila\.m2\repository\com\google\code\gson\gson\2.10.1\gson-2.10.1.jar;C:\programing\java\belajar-apache-maven\belajar-apache-maven-data\target\belajar-apache-maven-data-1.0-SNAPSHOT.jar;C:\Users\agila\.m2\repository\junit\junit\4.13.1\junit-4.13.1.jar;C:\Users\agila\.m2\repository\org\hamcrest\hamcrest-core\1.3\hamcrest-core-1.3.jar;"/>
    <property name="sun.cpu.endian" value="little"/>
    <property name="user.home" value="C:\Users\agila"/>
    <property name="user.language" value="en"/>
    <property name="java.specification.vendor" value="Oracle Corporation"/>
    <property name="java.version.date" value="2023-09-19"/>
    <property name="java.home" value="C:\Program Files\Java\jdk-21"/>
    <property name="file.separator" value="\"/>
    <property name="basedir" value="C:\programing\java\belajar-apache-maven\belajar-apache-maven-app"/>
    <property name="java.vm.compressedOopsMode" value="Zero based"/>
    <property name="line.separator" value="&#10;"/>
    <property name="java.vm.specification.vendor" value="Oracle Corporation"/>
    <property name="java.specification.name" value="Java Platform API Specification"/>
    <property name="surefire.real.class.path" value="C:\Users\agila\AppData\Local\Temp\surefire2080631488294299459\surefirebooter10879436472295635386.jar"/>
    <property name="user.script" value=""/>
    <property name="sun.management.compiler" value="HotSpot 64-Bit Tiered Compilers"/>
    <property name="java.runtime.version" value="21+35-LTS-2513"/>
    <property name="user.name" value="agila"/>
    <property name="stdout.encoding" value="Cp1252"/>
    <property name="path.separator" value=";"/>
    <property name="os.version" value="10.0"/>
    <property name="java.runtime.name" value="Java(TM) SE Runtime Environment"/>
    <property name="file.encoding" value="UTF-8"/>
    <property name="java.vm.name" value="Java HotSpot(TM) 64-Bit Server VM"/>
    <property name="localRepository" value="C:\Users\agila\.m2\repository"/>
    <property name="java.vendor.url.bug" value="https://bugreport.java.com/bugreport/"/>
    <property name="java.io.tmpdir" value="C:\Users\agila\AppData\Local\Temp\"/>
    <property name="java.version" value="21"/>
    <property name="user.dir" value="C:\programing\java\belajar-apache-maven\belajar-apache-maven-app"/>
    <property name="os.arch" value="amd64"/>
    <property name="java.vm.specification.name" value="Java Virtual Machine Specification"/>
    <property name="sun.os.patch.level" value=""/>
    <property name="native.encoding" value="Cp1252"/>
    <property name="java.library.path" value="C:\Program Files\Java\jdk-21\bin;C:\WINDOWS\Sun\Java\bin;C:\WINDOWS\system32;C:\WINDOWS;C:\Program Files\Common Files\Oracle\Java\javapath;C:\tools\MinGW\bin;C:\Windows\System32\WindowsPowerShell\v1.0;C:\Go\bin;C:\Python\Python368\Scripts\;C:\Python\Python368\;C:\sqlite;C:\ProgramData\ComposerSetup\bin;C:\xampp\php;C:\Users\agila\AppData\Roaming\nvm;C:\Program Files\nodejs;C:\Program Files\Java\jdk-21\bin;C:\Windows\SysWOW64\wbem;C:\Program Files\apache-maven-3.9.5\bin;C:\Users\agila\AppData\Local\Programs\Python\Python311\Scripts\;C:\Users\agila\AppData\Local\Programs\Python\Python311\;C:\Ruby30-x64\bin;C:\Users\agila\AppData\Local\Microsoft\WindowsApps;C:\Users\agila\AppData\Local\Programs\Microsoft VS Code\bin;C:\Users\agila\AppData\Local\GitHubDesktop\bin;C:\Program Files\JetBrains\IntelliJ IDEA Community Edition 2022.1.1\bin;;C:\src\flutter\bin;C:\Windows\System32;C:\Program Files\Git\git-cmd.exe;C:\Users\agila\AppData\Roaming\TinyTeX\bin\win32;C:\Program Files\nodejs;C:\Users\agila\go\bin;C:\Users\agila\Bin;C:\Program Files\PostgreSQL\15\bin;C:\xampp\php;C:\Users\agila\AppData\Roaming\Composer\vendor\bin;C:\Users\agila\AppData\Roaming\nvm;C:\Program Files\nodejs;C:\Program Files\JetBrains\IntelliJ IDEA 2023.2.2\bin;;."/>
    <property name="java.vm.info" value="mixed mode, sharing"/>
    <property name="stderr.encoding" value="Cp1252"/>
    <property name="java.vendor" value="Oracle Corporation"/>
    <property name="java.vm.version" value="21+35-LTS-2513"/>
    <property name="sun.io.unicode.encoding" value="UnicodeLittle"/>
    <property name="java.class.version" value="65.0"/>
  </properties>
  <testcase name="shouldAnswerWithTrue" classname="programer.zaman.now.maven.AppTest" time="0.007"/>
</testsuite>